Performing C SOURCE FILE Test CMAKE_HAVE_LIBC_PTHREAD failed with the following output:
Change Dir: /home/local1/Documents/g4sipm/build/CMakeFiles/CMakeTmp

Run Build Command(s):/bin/gmake -f Makefile cmTC_6f2ec/fast && /bin/gmake  -f CMakeFiles/cmTC_6f2ec.dir/build.make CMakeFiles/cmTC_6f2ec.dir/build
gmake[1]: Entering directory '/home/local1/Documents/g4sipm/build/CMakeFiles/CMakeTmp'
Building C object CMakeFiles/cmTC_6f2ec.dir/src.c.o
/bin/cc -DCMAKE_HAVE_LIBC_PTHREAD   -o CMakeFiles/cmTC_6f2ec.dir/src.c.o -c /home/local1/Documents/g4sipm/build/CMakeFiles/CMakeTmp/src.c
Linking C executable cmTC_6f2ec
/usr/bin/cmake -E cmake_link_script CMakeFiles/cmTC_6f2ec.dir/link.txt --verbose=1
/bin/cc CMakeFiles/cmTC_6f2ec.dir/src.c.o -o cmTC_6f2ec 
CMakeFiles/cmTC_6f2ec.dir/src.c.o: In function `main':
src.c:(.text+0x2d): undefined reference to `pthread_create'
src.c:(.text+0x39): undefined reference to `pthread_detach'
src.c:(.text+0x45): undefined reference to `pthread_cancel'
src.c:(.text+0x56): undefined reference to `pthread_join'
collect2: error: ld returned 1 exit status
gmake[1]: *** [CMakeFiles/cmTC_6f2ec.dir/build.make:99: cmTC_6f2ec] Error 1
gmake[1]: Leaving directory '/home/local1/Documents/g4sipm/build/CMakeFiles/CMakeTmp'
gmake: *** [Makefile:127: cmTC_6f2ec/fast] Error 2


Source file was:
#include <pthread.h>

static void* test_func(void* data)
{
  return data;
}

int main(void)
{
  pthread_t thread;
  pthread_create(&thread, NULL, test_func, NULL);
  pthread_detach(thread);
  pthread_cancel(thread);
  pthread_join(thread, NULL);
  pthread_atfork(NULL, NULL, NULL);
  pthread_exit(NULL);

  return 0;
}

Determining size of __int64 failed with the following output:
Change Dir: /home/local1/Documents/g4sipm/build/CMakeFiles/CMakeTmp

Run Build Command(s):/bin/gmake -f Makefile cmTC_a9457/fast && /bin/gmake  -f CMakeFiles/cmTC_a9457.dir/build.make CMakeFiles/cmTC_a9457.dir/build
gmake[1]: Entering directory '/home/local1/Documents/g4sipm/build/CMakeFiles/CMakeTmp'
Building C object CMakeFiles/cmTC_a9457.dir/__INT64.c.o
/bin/cc    -o CMakeFiles/cmTC_a9457.dir/__INT64.c.o -c /home/local1/Documents/g4sipm/build/CMakeFiles/CheckTypeSize/__INT64.c
/home/local1/Documents/g4sipm/build/CMakeFiles/CheckTypeSize/__INT64.c:27:22: error: ‘__int64’ undeclared here (not in a function); did you mean ‘__int64_t’?
 #define SIZE (sizeof(__int64))
                      ^~~~~~~
/home/local1/Documents/g4sipm/build/CMakeFiles/CheckTypeSize/__INT64.c:29:12: note: in expansion of macro ‘SIZE’
   ('0' + ((SIZE / 10000)%10)),
            ^~~~
gmake[1]: *** [CMakeFiles/cmTC_a9457.dir/build.make:78: CMakeFiles/cmTC_a9457.dir/__INT64.c.o] Error 1
gmake[1]: Leaving directory '/home/local1/Documents/g4sipm/build/CMakeFiles/CMakeTmp'
gmake: *** [Makefile:127: cmTC_a9457/fast] Error 2


/home/local1/Documents/g4sipm/build/CMakeFiles/CheckTypeSize/__INT64.c:
#include <sys/types.h>
#include <stdint.h>
#include <stddef.h>


#undef KEY
#if defined(__i386)
# define KEY '_','_','i','3','8','6'
#elif defined(__x86_64)
# define KEY '_','_','x','8','6','_','6','4'
#elif defined(__PPC64__)
# define KEY '_','_','P','P','C','6','4','_','_'
#elif defined(__ppc64__)
# define KEY '_','_','p','p','c','6','4','_','_'
#elif defined(__PPC__)
# define KEY '_','_','P','P','C','_','_'
#elif defined(__ppc__)
# define KEY '_','_','p','p','c','_','_'
#elif defined(__aarch64__)
# define KEY '_','_','a','a','r','c','h','6','4','_','_'
#elif defined(__ARM_ARCH_7A__)
# define KEY '_','_','A','R','M','_','A','R','C','H','_','7','A','_','_'
#elif defined(__ARM_ARCH_7S__)
# define KEY '_','_','A','R','M','_','A','R','C','H','_','7','S','_','_'
#endif

#define SIZE (sizeof(__int64))
static char info_size[] =  {'I', 'N', 'F', 'O', ':', 's','i','z','e','[',
  ('0' + ((SIZE / 10000)%10)),
  ('0' + ((SIZE / 1000)%10)),
  ('0' + ((SIZE / 100)%10)),
  ('0' + ((SIZE / 10)%10)),
  ('0' +  (SIZE    % 10)),
  ']',
#ifdef KEY
  ' ','k','e','y','[', KEY, ']',
#endif
  '\0'};

#ifdef __CLASSIC_C__
int main(argc, argv) int argc; char *argv[];
#else
int main(int argc, char *argv[])
#endif
{
  int require = 0;
  require += info_size[argc];
  (void)argv;
  return require;
}


Determining size of __int32 failed with the following output:
Change Dir: /home/local1/Documents/g4sipm/build/CMakeFiles/CMakeTmp

Run Build Command(s):/bin/gmake -f Makefile cmTC_acfbb/fast && /bin/gmake  -f CMakeFiles/cmTC_acfbb.dir/build.make CMakeFiles/cmTC_acfbb.dir/build
gmake[1]: Entering directory '/home/local1/Documents/g4sipm/build/CMakeFiles/CMakeTmp'
Building C object CMakeFiles/cmTC_acfbb.dir/__INT32.c.o
/bin/cc    -o CMakeFiles/cmTC_acfbb.dir/__INT32.c.o -c /home/local1/Documents/g4sipm/build/CMakeFiles/CheckTypeSize/__INT32.c
/home/local1/Documents/g4sipm/build/CMakeFiles/CheckTypeSize/__INT32.c:27:22: error: ‘__int32’ undeclared here (not in a function); did you mean ‘__int32_t’?
 #define SIZE (sizeof(__int32))
                      ^~~~~~~
/home/local1/Documents/g4sipm/build/CMakeFiles/CheckTypeSize/__INT32.c:29:12: note: in expansion of macro ‘SIZE’
   ('0' + ((SIZE / 10000)%10)),
            ^~~~
gmake[1]: *** [CMakeFiles/cmTC_acfbb.dir/build.make:78: CMakeFiles/cmTC_acfbb.dir/__INT32.c.o] Error 1
gmake[1]: Leaving directory '/home/local1/Documents/g4sipm/build/CMakeFiles/CMakeTmp'
gmake: *** [Makefile:127: cmTC_acfbb/fast] Error 2


/home/local1/Documents/g4sipm/build/CMakeFiles/CheckTypeSize/__INT32.c:
#include <sys/types.h>
#include <stdint.h>
#include <stddef.h>


#undef KEY
#if defined(__i386)
# define KEY '_','_','i','3','8','6'
#elif defined(__x86_64)
# define KEY '_','_','x','8','6','_','6','4'
#elif defined(__PPC64__)
# define KEY '_','_','P','P','C','6','4','_','_'
#elif defined(__ppc64__)
# define KEY '_','_','p','p','c','6','4','_','_'
#elif defined(__PPC__)
# define KEY '_','_','P','P','C','_','_'
#elif defined(__ppc__)
# define KEY '_','_','p','p','c','_','_'
#elif defined(__aarch64__)
# define KEY '_','_','a','a','r','c','h','6','4','_','_'
#elif defined(__ARM_ARCH_7A__)
# define KEY '_','_','A','R','M','_','A','R','C','H','_','7','A','_','_'
#elif defined(__ARM_ARCH_7S__)
# define KEY '_','_','A','R','M','_','A','R','C','H','_','7','S','_','_'
#endif

#define SIZE (sizeof(__int32))
static char info_size[] =  {'I', 'N', 'F', 'O', ':', 's','i','z','e','[',
  ('0' + ((SIZE / 10000)%10)),
  ('0' + ((SIZE / 1000)%10)),
  ('0' + ((SIZE / 100)%10)),
  ('0' + ((SIZE / 10)%10)),
  ('0' +  (SIZE    % 10)),
  ']',
#ifdef KEY
  ' ','k','e','y','[', KEY, ']',
#endif
  '\0'};

#ifdef __CLASSIC_C__
int main(argc, argv) int argc; char *argv[];
#else
int main(int argc, char *argv[])
#endif
{
  int require = 0;
  require += info_size[argc];
  (void)argv;
  return require;
}


Determining size of __uint32 failed with the following output:
Change Dir: /home/local1/Documents/g4sipm/build/CMakeFiles/CMakeTmp

Run Build Command(s):/bin/gmake -f Makefile cmTC_fdf42/fast && /bin/gmake  -f CMakeFiles/cmTC_fdf42.dir/build.make CMakeFiles/cmTC_fdf42.dir/build
gmake[1]: Entering directory '/home/local1/Documents/g4sipm/build/CMakeFiles/CMakeTmp'
Building C object CMakeFiles/cmTC_fdf42.dir/__UINT32.c.o
/bin/cc    -o CMakeFiles/cmTC_fdf42.dir/__UINT32.c.o -c /home/local1/Documents/g4sipm/build/CMakeFiles/CheckTypeSize/__UINT32.c
/home/local1/Documents/g4sipm/build/CMakeFiles/CheckTypeSize/__UINT32.c:27:22: error: ‘__uint32’ undeclared here (not in a function); did you mean ‘__uint32_t’?
 #define SIZE (sizeof(__uint32))
                      ^~~~~~~~
/home/local1/Documents/g4sipm/build/CMakeFiles/CheckTypeSize/__UINT32.c:29:12: note: in expansion of macro ‘SIZE’
   ('0' + ((SIZE / 10000)%10)),
            ^~~~
gmake[1]: *** [CMakeFiles/cmTC_fdf42.dir/build.make:78: CMakeFiles/cmTC_fdf42.dir/__UINT32.c.o] Error 1
gmake[1]: Leaving directory '/home/local1/Documents/g4sipm/build/CMakeFiles/CMakeTmp'
gmake: *** [Makefile:127: cmTC_fdf42/fast] Error 2


/home/local1/Documents/g4sipm/build/CMakeFiles/CheckTypeSize/__UINT32.c:
#include <sys/types.h>
#include <stdint.h>
#include <stddef.h>


#undef KEY
#if defined(__i386)
# define KEY '_','_','i','3','8','6'
#elif defined(__x86_64)
# define KEY '_','_','x','8','6','_','6','4'
#elif defined(__PPC64__)
# define KEY '_','_','P','P','C','6','4','_','_'
#elif defined(__ppc64__)
# define KEY '_','_','p','p','c','6','4','_','_'
#elif defined(__PPC__)
# define KEY '_','_','P','P','C','_','_'
#elif defined(__ppc__)
# define KEY '_','_','p','p','c','_','_'
#elif defined(__aarch64__)
# define KEY '_','_','a','a','r','c','h','6','4','_','_'
#elif defined(__ARM_ARCH_7A__)
# define KEY '_','_','A','R','M','_','A','R','C','H','_','7','A','_','_'
#elif defined(__ARM_ARCH_7S__)
# define KEY '_','_','A','R','M','_','A','R','C','H','_','7','S','_','_'
#endif

#define SIZE (sizeof(__uint32))
static char info_size[] =  {'I', 'N', 'F', 'O', ':', 's','i','z','e','[',
  ('0' + ((SIZE / 10000)%10)),
  ('0' + ((SIZE / 1000)%10)),
  ('0' + ((SIZE / 100)%10)),
  ('0' + ((SIZE / 10)%10)),
  ('0' +  (SIZE    % 10)),
  ']',
#ifdef KEY
  ' ','k','e','y','[', KEY, ']',
#endif
  '\0'};

#ifdef __CLASSIC_C__
int main(argc, argv) int argc; char *argv[];
#else
int main(int argc, char *argv[])
#endif
{
  int require = 0;
  require += info_size[argc];
  (void)argv;
  return require;
}


Determining size of __uint16 failed with the following output:
Change Dir: /home/local1/Documents/g4sipm/build/CMakeFiles/CMakeTmp

Run Build Command(s):/bin/gmake -f Makefile cmTC_f2eae/fast && /bin/gmake  -f CMakeFiles/cmTC_f2eae.dir/build.make CMakeFiles/cmTC_f2eae.dir/build
gmake[1]: Entering directory '/home/local1/Documents/g4sipm/build/CMakeFiles/CMakeTmp'
Building C object CMakeFiles/cmTC_f2eae.dir/__UINT16.c.o
/bin/cc    -o CMakeFiles/cmTC_f2eae.dir/__UINT16.c.o -c /home/local1/Documents/g4sipm/build/CMakeFiles/CheckTypeSize/__UINT16.c
/home/local1/Documents/g4sipm/build/CMakeFiles/CheckTypeSize/__UINT16.c:27:22: error: ‘__uint16’ undeclared here (not in a function); did you mean ‘__uint16_t’?
 #define SIZE (sizeof(__uint16))
                      ^~~~~~~~
/home/local1/Documents/g4sipm/build/CMakeFiles/CheckTypeSize/__UINT16.c:29:12: note: in expansion of macro ‘SIZE’
   ('0' + ((SIZE / 10000)%10)),
            ^~~~
gmake[1]: *** [CMakeFiles/cmTC_f2eae.dir/build.make:78: CMakeFiles/cmTC_f2eae.dir/__UINT16.c.o] Error 1
gmake[1]: Leaving directory '/home/local1/Documents/g4sipm/build/CMakeFiles/CMakeTmp'
gmake: *** [Makefile:127: cmTC_f2eae/fast] Error 2


/home/local1/Documents/g4sipm/build/CMakeFiles/CheckTypeSize/__UINT16.c:
#include <sys/types.h>
#include <stdint.h>
#include <stddef.h>


#undef KEY
#if defined(__i386)
# define KEY '_','_','i','3','8','6'
#elif defined(__x86_64)
# define KEY '_','_','x','8','6','_','6','4'
#elif defined(__PPC64__)
# define KEY '_','_','P','P','C','6','4','_','_'
#elif defined(__ppc64__)
# define KEY '_','_','p','p','c','6','4','_','_'
#elif defined(__PPC__)
# define KEY '_','_','P','P','C','_','_'
#elif defined(__ppc__)
# define KEY '_','_','p','p','c','_','_'
#elif defined(__aarch64__)
# define KEY '_','_','a','a','r','c','h','6','4','_','_'
#elif defined(__ARM_ARCH_7A__)
# define KEY '_','_','A','R','M','_','A','R','C','H','_','7','A','_','_'
#elif defined(__ARM_ARCH_7S__)
# define KEY '_','_','A','R','M','_','A','R','C','H','_','7','S','_','_'
#endif

#define SIZE (sizeof(__uint16))
static char info_size[] =  {'I', 'N', 'F', 'O', ':', 's','i','z','e','[',
  ('0' + ((SIZE / 10000)%10)),
  ('0' + ((SIZE / 1000)%10)),
  ('0' + ((SIZE / 100)%10)),
  ('0' + ((SIZE / 10)%10)),
  ('0' +  (SIZE    % 10)),
  ']',
#ifdef KEY
  ' ','k','e','y','[', KEY, ']',
#endif
  '\0'};

#ifdef __CLASSIC_C__
int main(argc, argv) int argc; char *argv[];
#else
int main(int argc, char *argv[])
#endif
{
  int require = 0;
  require += info_size[argc];
  (void)argv;
  return require;
}


Determining size of __uint8 failed with the following output:
Change Dir: /home/local1/Documents/g4sipm/build/CMakeFiles/CMakeTmp

Run Build Command(s):/bin/gmake -f Makefile cmTC_fd6c8/fast && /bin/gmake  -f CMakeFiles/cmTC_fd6c8.dir/build.make CMakeFiles/cmTC_fd6c8.dir/build
gmake[1]: Entering directory '/home/local1/Documents/g4sipm/build/CMakeFiles/CMakeTmp'
Building C object CMakeFiles/cmTC_fd6c8.dir/__UINT8.c.o
/bin/cc    -o CMakeFiles/cmTC_fd6c8.dir/__UINT8.c.o -c /home/local1/Documents/g4sipm/build/CMakeFiles/CheckTypeSize/__UINT8.c
/home/local1/Documents/g4sipm/build/CMakeFiles/CheckTypeSize/__UINT8.c:27:22: error: ‘__uint8’ undeclared here (not in a function); did you mean ‘__uint8_t’?
 #define SIZE (sizeof(__uint8))
                      ^~~~~~~
/home/local1/Documents/g4sipm/build/CMakeFiles/CheckTypeSize/__UINT8.c:29:12: note: in expansion of macro ‘SIZE’
   ('0' + ((SIZE / 10000)%10)),
            ^~~~
gmake[1]: *** [CMakeFiles/cmTC_fd6c8.dir/build.make:78: CMakeFiles/cmTC_fd6c8.dir/__UINT8.c.o] Error 1
gmake[1]: Leaving directory '/home/local1/Documents/g4sipm/build/CMakeFiles/CMakeTmp'
gmake: *** [Makefile:127: cmTC_fd6c8/fast] Error 2


/home/local1/Documents/g4sipm/build/CMakeFiles/CheckTypeSize/__UINT8.c:
#include <sys/types.h>
#include <stdint.h>
#include <stddef.h>


#undef KEY
#if defined(__i386)
# define KEY '_','_','i','3','8','6'
#elif defined(__x86_64)
# define KEY '_','_','x','8','6','_','6','4'
#elif defined(__PPC64__)
# define KEY '_','_','P','P','C','6','4','_','_'
#elif defined(__ppc64__)
# define KEY '_','_','p','p','c','6','4','_','_'
#elif defined(__PPC__)
# define KEY '_','_','P','P','C','_','_'
#elif defined(__ppc__)
# define KEY '_','_','p','p','c','_','_'
#elif defined(__aarch64__)
# define KEY '_','_','a','a','r','c','h','6','4','_','_'
#elif defined(__ARM_ARCH_7A__)
# define KEY '_','_','A','R','M','_','A','R','C','H','_','7','A','_','_'
#elif defined(__ARM_ARCH_7S__)
# define KEY '_','_','A','R','M','_','A','R','C','H','_','7','S','_','_'
#endif

#define SIZE (sizeof(__uint8))
static char info_size[] =  {'I', 'N', 'F', 'O', ':', 's','i','z','e','[',
  ('0' + ((SIZE / 10000)%10)),
  ('0' + ((SIZE / 1000)%10)),
  ('0' + ((SIZE / 100)%10)),
  ('0' + ((SIZE / 10)%10)),
  ('0' +  (SIZE    % 10)),
  ']',
#ifdef KEY
  ' ','k','e','y','[', KEY, ']',
#endif
  '\0'};

#ifdef __CLASSIC_C__
int main(argc, argv) int argc; char *argv[];
#else
int main(int argc, char *argv[])
#endif
{
  int require = 0;
  require += info_size[argc];
  (void)argv;
  return require;
}


Determining size of SSIZE_T failed with the following output:
Change Dir: /home/local1/Documents/g4sipm/build/CMakeFiles/CMakeTmp

Run Build Command(s):/bin/gmake -f Makefile cmTC_b4396/fast && /bin/gmake  -f CMakeFiles/cmTC_b4396.dir/build.make CMakeFiles/cmTC_b4396.dir/build
gmake[1]: Entering directory '/home/local1/Documents/g4sipm/build/CMakeFiles/CMakeTmp'
Building C object CMakeFiles/cmTC_b4396.dir/UPPERCASE_SSIZE_T.c.o
/bin/cc    -o CMakeFiles/cmTC_b4396.dir/UPPERCASE_SSIZE_T.c.o -c /home/local1/Documents/g4sipm/build/CMakeFiles/CheckTypeSize/UPPERCASE_SSIZE_T.c
/home/local1/Documents/g4sipm/build/CMakeFiles/CheckTypeSize/UPPERCASE_SSIZE_T.c:27:22: error: ‘SSIZE_T’ undeclared here (not in a function); did you mean ‘SIZE’?
 #define SIZE (sizeof(SSIZE_T))
                      ^~~~~~~
/home/local1/Documents/g4sipm/build/CMakeFiles/CheckTypeSize/UPPERCASE_SSIZE_T.c:29:12: note: in expansion of macro ‘SIZE’
   ('0' + ((SIZE / 10000)%10)),
            ^~~~
gmake[1]: *** [CMakeFiles/cmTC_b4396.dir/build.make:78: CMakeFiles/cmTC_b4396.dir/UPPERCASE_SSIZE_T.c.o] Error 1
gmake[1]: Leaving directory '/home/local1/Documents/g4sipm/build/CMakeFiles/CMakeTmp'
gmake: *** [Makefile:127: cmTC_b4396/fast] Error 2


/home/local1/Documents/g4sipm/build/CMakeFiles/CheckTypeSize/UPPERCASE_SSIZE_T.c:
#include <sys/types.h>
#include <stdint.h>
#include <stddef.h>


#undef KEY
#if defined(__i386)
# define KEY '_','_','i','3','8','6'
#elif defined(__x86_64)
# define KEY '_','_','x','8','6','_','6','4'
#elif defined(__PPC64__)
# define KEY '_','_','P','P','C','6','4','_','_'
#elif defined(__ppc64__)
# define KEY '_','_','p','p','c','6','4','_','_'
#elif defined(__PPC__)
# define KEY '_','_','P','P','C','_','_'
#elif defined(__ppc__)
# define KEY '_','_','p','p','c','_','_'
#elif defined(__aarch64__)
# define KEY '_','_','a','a','r','c','h','6','4','_','_'
#elif defined(__ARM_ARCH_7A__)
# define KEY '_','_','A','R','M','_','A','R','C','H','_','7','A','_','_'
#elif defined(__ARM_ARCH_7S__)
# define KEY '_','_','A','R','M','_','A','R','C','H','_','7','S','_','_'
#endif

#define SIZE (sizeof(SSIZE_T))
static char info_size[] =  {'I', 'N', 'F', 'O', ':', 's','i','z','e','[',
  ('0' + ((SIZE / 10000)%10)),
  ('0' + ((SIZE / 1000)%10)),
  ('0' + ((SIZE / 100)%10)),
  ('0' + ((SIZE / 10)%10)),
  ('0' +  (SIZE    % 10)),
  ']',
#ifdef KEY
  ' ','k','e','y','[', KEY, ']',
#endif
  '\0'};

#ifdef __CLASSIC_C__
int main(argc, argv) int argc; char *argv[];
#else
int main(int argc, char *argv[])
#endif
{
  int require = 0;
  require += info_size[argc];
  (void)argv;
  return require;
}


Determining if the function _strtoi64 exists failed with the following output:
Change Dir: /home/local1/Documents/g4sipm/build/CMakeFiles/CMakeTmp

Run Build Command(s):/bin/gmake -f Makefile cmTC_6ffae/fast && /bin/gmake  -f CMakeFiles/cmTC_6ffae.dir/build.make CMakeFiles/cmTC_6ffae.dir/build
gmake[1]: Entering directory '/home/local1/Documents/g4sipm/build/CMakeFiles/CMakeTmp'
Building C object CMakeFiles/cmTC_6ffae.dir/CheckFunctionExists.c.o
/bin/cc   -DCHECK_FUNCTION_EXISTS=_strtoi64 -o CMakeFiles/cmTC_6ffae.dir/CheckFunctionExists.c.o -c /usr/share/cmake/Modules/CheckFunctionExists.c
Linking C executable cmTC_6ffae
/usr/bin/cmake -E cmake_link_script CMakeFiles/cmTC_6ffae.dir/link.txt --verbose=1
/bin/cc  -DCHECK_FUNCTION_EXISTS=_strtoi64 -rdynamic CMakeFiles/cmTC_6ffae.dir/CheckFunctionExists.c.o -o cmTC_6ffae 
CMakeFiles/cmTC_6ffae.dir/CheckFunctionExists.c.o: In function `main':
CheckFunctionExists.c:(.text+0x10): undefined reference to `_strtoi64'
collect2: error: ld returned 1 exit status
gmake[1]: *** [CMakeFiles/cmTC_6ffae.dir/build.make:99: cmTC_6ffae] Error 1
gmake[1]: Leaving directory '/home/local1/Documents/g4sipm/build/CMakeFiles/CMakeTmp'
gmake: *** [Makefile:127: cmTC_6ffae/fast] Error 2



